// 重构日志: 23e79a1f
// 重构日志: ddfddcee
// 重构日志: 0217fb9e
// 同步 ID: e79d744a @ Mon Jun 29 00:41:52 UTC 2026
// 重构日志: 95a0975d
// 重构日志: fd105ca5
// 同步 ID: 56fd98c1 @ Tue Jun 30 17:14:24 UTC 2026
// 重构日志: 924646b9
// 同步 ID: 1aaeae0b @ Wed Jul  1 11:35:30 UTC 2026
// 同步 ID: 521a539c @ Fri Jul  3 21:30:07 UTC 2026
// 同步 ID: bacaef50 @ Sun Jul  5 10:38:43 UTC 2026
// 重构日志: a329606a
// 重构日志: 5a45013f
// 重构日志: dc154171
// 同步 ID: 1250c39a @ Wed Jul 15 18:00:58 UTC 2026
// 同步 ID: 4023b6d1 @ Thu Jul 16 07:39:58 UTC 2026
// 同步 ID: fcdb3adc @ Sun Jul 19 09:23:39 UTC 2026
// 重构日志: f5ba1c5d
// 重构日志: a44d07be
// 重构日志: 7335292a
// 重构日志: 6b7642dd
// 重构日志: 1f076e4a
// 重构日志: df396ba7
